<?xml version="1.0" encoding="UTF-8"?>
<!-- Generated by org.testng.reporters.JUnitReportReporter -->
<testsuite skipped="0" hostname="LQHSURFACE" name="com.lizheng.test.AutoTestFrameTestNG" tests="173" failures="7" timestamp="20 十月 2021 14:16:37 GMT" time="7.988" errors="0">
  <testcase name="autoTest" time="0.010" classname="com.lizheng.test.AutoTestFrameTestNG"/>
  <testcase name="autoTest" time="0.000" classname="com.lizheng.test.AutoTestFrameTestNG"/>
  <testcase name="autoTest" time="0.000" classname="com.lizheng.test.AutoTestFrameTestNG"/>
  <testcase name="autoTest" time="0.091" classname="com.lizheng.test.AutoTestFrameTestNG"/>
  <testcase name="autoTest" time="0.000" classname="com.lizheng.test.AutoTestFrameTestNG">
    <failure type="java.lang.AssertionError" message="expected [pass] but found [fail]">
      <![CDATA[java.lang.AssertionError: expected [pass] but found [fail]
at org.testng.Assert.fail(Assert.java:96)
at org.testng.Assert.failNotEquals(Assert.java:776)
at org.testng.Assert.assertEqualsImpl(Assert.java:137)
at org.testng.Assert.assertEquals(Assert.java:118)
at org.testng.Assert.assertEquals(Assert.java:453)
at org.testng.Assert.assertEquals(Assert.java:463)
at com.lizheng.test.AutoTestFrameTestNG.autoTest(AutoTestFrameTestNG.java:29)
at sun.reflect.GeneratedMethodAccessor30.invoke(Unknown Source)
at sun.reflect.DelegatingMethodAccessorImpl.invoke(DelegatingMethodAccessorImpl.java:43)
at java.lang.reflect.Method.invoke(Method.java:498)
at org.testng.internal.MethodInvocationHelper.invokeMethod(MethodInvocationHelper.java:124)
at org.testng.internal.Invoker.invokeMethod(Invoker.java:583)
at org.testng.internal.Invoker.invokeTestMethod(Invoker.java:719)
at org.testng.internal.Invoker.invokeTestMethods(Invoker.java:989)
at org.testng.internal.TestMethodWorker.invokeTestMethods(TestMethodWorker.java:125)
at org.testng.internal.TestMethodWorker.run(TestMethodWorker.java:109)
at org.testng.TestRunner.privateRun(TestRunner.java:648)
at org.testng.TestRunner.run(TestRunner.java:505)
at org.testng.SuiteRunner.runTest(SuiteRunner.java:455)
at org.testng.SuiteRunner.runSequentially(SuiteRunner.java:450)
at org.testng.SuiteRunner.privateRun(SuiteRunner.java:415)
at org.testng.SuiteRunner.run(SuiteRunner.java:364)
at org.testng.SuiteRunnerWorker.runSuite(SuiteRunnerWorker.java:52)
at org.testng.SuiteRunnerWorker.run(SuiteRunnerWorker.java:84)
at org.testng.TestNG.runSuitesSequentially(TestNG.java:1208)
at org.testng.TestNG.runSuitesLocally(TestNG.java:1137)
at org.testng.TestNG.runSuites(TestNG.java:1049)
at org.testng.TestNG.run(TestNG.java:1017)
at org.apache.maven.surefire.testng.TestNGExecutor.run(TestNGExecutor.java:283)
at org.apache.maven.surefire.testng.TestNGXmlTestSuite.execute(TestNGXmlTestSuite.java:75)
at org.apache.maven.surefire.testng.TestNGProvider.invoke(TestNGProvider.java:120)
at org.apache.maven.surefire.booter.ForkedBooter.invokeProviderInSameClassLoader(ForkedBooter.java:384)
at org.apache.maven.surefire.booter.ForkedBooter.runSuitesInProcess(ForkedBooter.java:345)
at org.apache.maven.surefire.booter.ForkedBooter.execute(ForkedBooter.java:126)
at org.apache.maven.surefire.booter.ForkedBooter.main(ForkedBooter.java:418)
]]>
    </failure>
  </testcase> <!-- autoTest -->
  <testcase name="autoTest" time="0.000" classname="com.lizheng.test.AutoTestFrameTestNG"/>
  <testcase name="autoTest" time="0.082" classname="com.lizheng.test.AutoTestFrameTestNG"/>
  <testcase name="autoTest" time="0.087" classname="com.lizheng.test.AutoTestFrameTestNG"/>
  <testcase name="autoTest" time="0.002" classname="com.lizheng.test.AutoTestFrameTestNG"/>
  <testcase name="autoTest" time="0.011" classname="com.lizheng.test.AutoTestFrameTestNG"/>
  <testcase name="autoTest" time="0.000" classname="com.lizheng.test.AutoTestFrameTestNG"/>
  <testcase name="autoTest" time="0.011" classname="com.lizheng.test.AutoTestFrameTestNG"/>
  <testcase name="autoTest" time="0.000" classname="com.lizheng.test.AutoTestFrameTestNG"/>
  <testcase name="autoTest" time="0.000" classname="com.lizheng.test.AutoTestFrameTestNG"/>
  <testcase name="autoTest" time="1.924" classname="com.lizheng.test.AutoTestFrameTestNG"/>
  <testcase name="autoTest" time="0.005" classname="com.lizheng.test.AutoTestFrameTestNG"/>
  <testcase name="autoTest" time="0.086" classname="com.lizheng.test.AutoTestFrameTestNG"/>
  <testcase name="autoTest" time="0.000" classname="com.lizheng.test.AutoTestFrameTestNG"/>
  <testcase name="autoTest" time="0.083" classname="com.lizheng.test.AutoTestFrameTestNG"/>
  <testcase name="autoTest" time="0.093" classname="com.lizheng.test.AutoTestFrameTestNG"/>
  <testcase name="autoTest" time="0.094" classname="com.lizheng.test.AutoTestFrameTestNG"/>
  <testcase name="autoTest" time="0.000" classname="com.lizheng.test.AutoTestFrameTestNG"/>
  <testcase name="autoTest" time="0.096" classname="com.lizheng.test.AutoTestFrameTestNG"/>
  <testcase name="autoTest" time="0.000" classname="com.lizheng.test.AutoTestFrameTestNG"/>
  <testcase name="autoTest" time="0.087" classname="com.lizheng.test.AutoTestFrameTestNG"/>
  <testcase name="autoTest" time="0.010" classname="com.lizheng.test.AutoTestFrameTestNG"/>
  <testcase name="autoTest" time="0.000" classname="com.lizheng.test.AutoTestFrameTestNG"/>
  <testcase name="autoTest" time="0.000" classname="com.lizheng.test.AutoTestFrameTestNG"/>
  <testcase name="autoTest" time="0.010" classname="com.lizheng.test.AutoTestFrameTestNG"/>
  <testcase name="autoTest" time="0.086" classname="com.lizheng.test.AutoTestFrameTestNG"/>
  <testcase name="autoTest" time="0.093" classname="com.lizheng.test.AutoTestFrameTestNG"/>
  <testcase name="autoTest" time="0.000" classname="com.lizheng.test.AutoTestFrameTestNG"/>
  <testcase name="autoTest" time="0.000" classname="com.lizheng.test.AutoTestFrameTestNG"/>
  <testcase name="autoTest" time="0.091" classname="com.lizheng.test.AutoTestFrameTestNG"/>
  <testcase name="autoTest" time="0.012" classname="com.lizheng.test.AutoTestFrameTestNG"/>
  <testcase name="autoTest" time="0.010" classname="com.lizheng.test.AutoTestFrameTestNG"/>
  <testcase name="autoTest" time="0.000" classname="com.lizheng.test.AutoTestFrameTestNG"/>
  <testcase name="autoTest" time="0.071" classname="com.lizheng.test.AutoTestFrameTestNG"/>
  <testcase name="autoTest" time="0.000" classname="com.lizheng.test.AutoTestFrameTestNG"/>
  <testcase name="autoTest" time="0.082" classname="com.lizheng.test.AutoTestFrameTestNG"/>
  <testcase name="autoTest" time="0.011" classname="com.lizheng.test.AutoTestFrameTestNG">
    <failure type="java.lang.AssertionError" message="expected [pass] but found [fail]">
      <![CDATA[java.lang.AssertionError: expected [pass] but found [fail]
at org.testng.Assert.fail(Assert.java:96)
at org.testng.Assert.failNotEquals(Assert.java:776)
at org.testng.Assert.assertEqualsImpl(Assert.java:137)
at org.testng.Assert.assertEquals(Assert.java:118)
at org.testng.Assert.assertEquals(Assert.java:453)
at org.testng.Assert.assertEquals(Assert.java:463)
at com.lizheng.test.AutoTestFrameTestNG.autoTest(AutoTestFrameTestNG.java:29)
at sun.reflect.GeneratedMethodAccessor30.invoke(Unknown Source)
at sun.reflect.DelegatingMethodAccessorImpl.invoke(DelegatingMethodAccessorImpl.java:43)
at java.lang.reflect.Method.invoke(Method.java:498)
at org.testng.internal.MethodInvocationHelper.invokeMethod(MethodInvocationHelper.java:124)
at org.testng.internal.Invoker.invokeMethod(Invoker.java:583)
at org.testng.internal.Invoker.invokeTestMethod(Invoker.java:719)
at org.testng.internal.Invoker.invokeTestMethods(Invoker.java:989)
at org.testng.internal.TestMethodWorker.invokeTestMethods(TestMethodWorker.java:125)
at org.testng.internal.TestMethodWorker.run(TestMethodWorker.java:109)
at org.testng.TestRunner.privateRun(TestRunner.java:648)
at org.testng.TestRunner.run(TestRunner.java:505)
at org.testng.SuiteRunner.runTest(SuiteRunner.java:455)
at org.testng.SuiteRunner.runSequentially(SuiteRunner.java:450)
at org.testng.SuiteRunner.privateRun(SuiteRunner.java:415)
at org.testng.SuiteRunner.run(SuiteRunner.java:364)
at org.testng.SuiteRunnerWorker.runSuite(SuiteRunnerWorker.java:52)
at org.testng.SuiteRunnerWorker.run(SuiteRunnerWorker.java:84)
at org.testng.TestNG.runSuitesSequentially(TestNG.java:1208)
at org.testng.TestNG.runSuitesLocally(TestNG.java:1137)
at org.testng.TestNG.runSuites(TestNG.java:1049)
at org.testng.TestNG.run(TestNG.java:1017)
at org.apache.maven.surefire.testng.TestNGExecutor.run(TestNGExecutor.java:283)
at org.apache.maven.surefire.testng.TestNGXmlTestSuite.execute(TestNGXmlTestSuite.java:75)
at org.apache.maven.surefire.testng.TestNGProvider.invoke(TestNGProvider.java:120)
at org.apache.maven.surefire.booter.ForkedBooter.invokeProviderInSameClassLoader(ForkedBooter.java:384)
at org.apache.maven.surefire.booter.ForkedBooter.runSuitesInProcess(ForkedBooter.java:345)
at org.apache.maven.surefire.booter.ForkedBooter.execute(ForkedBooter.java:126)
at org.apache.maven.surefire.booter.ForkedBooter.main(ForkedBooter.java:418)
]]>
    </failure>
  </testcase> <!-- autoTest -->
  <testcase name="autoTest" time="0.000" classname="com.lizheng.test.AutoTestFrameTestNG"/>
  <testcase name="autoTest" time="0.093" classname="com.lizheng.test.AutoTestFrameTestNG"/>
  <testcase name="autoTest" time="0.082" classname="com.lizheng.test.AutoTestFrameTestNG"/>
  <testcase name="autoTest" time="0.013" classname="com.lizheng.test.AutoTestFrameTestNG"/>
  <testcase name="autoTest" time="0.010" classname="com.lizheng.test.AutoTestFrameTestNG"/>
  <testcase name="autoTest" time="0.088" classname="com.lizheng.test.AutoTestFrameTestNG"/>
  <testcase name="autoTest" time="0.091" classname="com.lizheng.test.AutoTestFrameTestNG"/>
  <testcase name="autoTest" time="0.000" classname="com.lizheng.test.AutoTestFrameTestNG"/>
  <testcase name="autoTest" time="0.000" classname="com.lizheng.test.AutoTestFrameTestNG"/>
  <testcase name="autoTest" time="0.010" classname="com.lizheng.test.AutoTestFrameTestNG"/>
  <testcase name="autoTest" time="0.000" classname="com.lizheng.test.AutoTestFrameTestNG"/>
  <testcase name="autoTest" time="0.088" classname="com.lizheng.test.AutoTestFrameTestNG"/>
  <testcase name="autoTest" time="0.010" classname="com.lizheng.test.AutoTestFrameTestNG"/>
  <testcase name="autoTest" time="0.082" classname="com.lizheng.test.AutoTestFrameTestNG"/>
  <testcase name="autoTest" time="0.119" classname="com.lizheng.test.AutoTestFrameTestNG"/>
  <testcase name="autoTest" time="0.000" classname="com.lizheng.test.AutoTestFrameTestNG"/>
  <testcase name="autoTest" time="0.000" classname="com.lizheng.test.AutoTestFrameTestNG"/>
  <testcase name="autoTest" time="0.000" classname="com.lizheng.test.AutoTestFrameTestNG"/>
  <testcase name="autoTest" time="0.094" classname="com.lizheng.test.AutoTestFrameTestNG"/>
  <testcase name="autoTest" time="0.010" classname="com.lizheng.test.AutoTestFrameTestNG"/>
  <testcase name="autoTest" time="0.081" classname="com.lizheng.test.AutoTestFrameTestNG"/>
  <testcase name="autoTest" time="0.002" classname="com.lizheng.test.AutoTestFrameTestNG"/>
  <testcase name="autoTest" time="0.000" classname="com.lizheng.test.AutoTestFrameTestNG"/>
  <testcase name="autoTest" time="0.082" classname="com.lizheng.test.AutoTestFrameTestNG"/>
  <testcase name="autoTest" time="0.001" classname="com.lizheng.test.AutoTestFrameTestNG"/>
  <testcase name="autoTest" time="0.010" classname="com.lizheng.test.AutoTestFrameTestNG"/>
  <testcase name="autoTest" time="0.098" classname="com.lizheng.test.AutoTestFrameTestNG"/>
  <testcase name="autoTest" time="0.000" classname="com.lizheng.test.AutoTestFrameTestNG"/>
  <testcase name="autoTest" time="0.011" classname="com.lizheng.test.AutoTestFrameTestNG"/>
  <testcase name="autoTest" time="0.000" classname="com.lizheng.test.AutoTestFrameTestNG"/>
  <testcase name="autoTest" time="0.002" classname="com.lizheng.test.AutoTestFrameTestNG"/>
  <testcase name="autoTest" time="0.082" classname="com.lizheng.test.AutoTestFrameTestNG"/>
  <testcase name="autoTest" time="0.000" classname="com.lizheng.test.AutoTestFrameTestNG"/>
  <testcase name="autoTest" time="0.000" classname="com.lizheng.test.AutoTestFrameTestNG"/>
  <testcase name="autoTest" time="0.091" classname="com.lizheng.test.AutoTestFrameTestNG"/>
  <testcase name="autoTest" time="0.000" classname="com.lizheng.test.AutoTestFrameTestNG"/>
  <testcase name="autoTest" time="0.000" classname="com.lizheng.test.AutoTestFrameTestNG"/>
  <testcase name="autoTest" time="0.090" classname="com.lizheng.test.AutoTestFrameTestNG"/>
  <testcase name="autoTest" time="0.082" classname="com.lizheng.test.AutoTestFrameTestNG"/>
  <testcase name="autoTest" time="0.000" classname="com.lizheng.test.AutoTestFrameTestNG"/>
  <testcase name="autoTest" time="0.000" classname="com.lizheng.test.AutoTestFrameTestNG"/>
  <testcase name="autoTest" time="0.084" classname="com.lizheng.test.AutoTestFrameTestNG"/>
  <testcase name="autoTest" time="0.002" classname="com.lizheng.test.AutoTestFrameTestNG">
    <failure type="java.lang.AssertionError" message="expected [pass] but found [fail]">
      <![CDATA[java.lang.AssertionError: expected [pass] but found [fail]
at org.testng.Assert.fail(Assert.java:96)
at org.testng.Assert.failNotEquals(Assert.java:776)
at org.testng.Assert.assertEqualsImpl(Assert.java:137)
at org.testng.Assert.assertEquals(Assert.java:118)
at org.testng.Assert.assertEquals(Assert.java:453)
at org.testng.Assert.assertEquals(Assert.java:463)
at com.lizheng.test.AutoTestFrameTestNG.autoTest(AutoTestFrameTestNG.java:29)
at sun.reflect.GeneratedMethodAccessor30.invoke(Unknown Source)
at sun.reflect.DelegatingMethodAccessorImpl.invoke(DelegatingMethodAccessorImpl.java:43)
at java.lang.reflect.Method.invoke(Method.java:498)
at org.testng.internal.MethodInvocationHelper.invokeMethod(MethodInvocationHelper.java:124)
at org.testng.internal.Invoker.invokeMethod(Invoker.java:583)
at org.testng.internal.Invoker.invokeTestMethod(Invoker.java:719)
at org.testng.internal.Invoker.invokeTestMethods(Invoker.java:989)
at org.testng.internal.TestMethodWorker.invokeTestMethods(TestMethodWorker.java:125)
at org.testng.internal.TestMethodWorker.run(TestMethodWorker.java:109)
at org.testng.TestRunner.privateRun(TestRunner.java:648)
at org.testng.TestRunner.run(TestRunner.java:505)
at org.testng.SuiteRunner.runTest(SuiteRunner.java:455)
at org.testng.SuiteRunner.runSequentially(SuiteRunner.java:450)
at org.testng.SuiteRunner.privateRun(SuiteRunner.java:415)
at org.testng.SuiteRunner.run(SuiteRunner.java:364)
at org.testng.SuiteRunnerWorker.runSuite(SuiteRunnerWorker.java:52)
at org.testng.SuiteRunnerWorker.run(SuiteRunnerWorker.java:84)
at org.testng.TestNG.runSuitesSequentially(TestNG.java:1208)
at org.testng.TestNG.runSuitesLocally(TestNG.java:1137)
at org.testng.TestNG.runSuites(TestNG.java:1049)
at org.testng.TestNG.run(TestNG.java:1017)
at org.apache.maven.surefire.testng.TestNGExecutor.run(TestNGExecutor.java:283)
at org.apache.maven.surefire.testng.TestNGXmlTestSuite.execute(TestNGXmlTestSuite.java:75)
at org.apache.maven.surefire.testng.TestNGProvider.invoke(TestNGProvider.java:120)
at org.apache.maven.surefire.booter.ForkedBooter.invokeProviderInSameClassLoader(ForkedBooter.java:384)
at org.apache.maven.surefire.booter.ForkedBooter.runSuitesInProcess(ForkedBooter.java:345)
at org.apache.maven.surefire.booter.ForkedBooter.execute(ForkedBooter.java:126)
at org.apache.maven.surefire.booter.ForkedBooter.main(ForkedBooter.java:418)
]]>
    </failure>
  </testcase> <!-- autoTest -->
  <testcase name="autoTest" time="0.081" classname="com.lizheng.test.AutoTestFrameTestNG"/>
  <testcase name="autoTest" time="0.000" classname="com.lizheng.test.AutoTestFrameTestNG"/>
  <testcase name="autoTest" time="0.010" classname="com.lizheng.test.AutoTestFrameTestNG"/>
  <testcase name="autoTest" time="0.000" classname="com.lizheng.test.AutoTestFrameTestNG"/>
  <testcase name="autoTest" time="0.011" classname="com.lizheng.test.AutoTestFrameTestNG"/>
  <testcase name="autoTest" time="0.010" classname="com.lizheng.test.AutoTestFrameTestNG">
    <failure type="java.lang.AssertionError" message="expected [pass] but found [fail]">
      <![CDATA[java.lang.AssertionError: expected [pass] but found [fail]
at org.testng.Assert.fail(Assert.java:96)
at org.testng.Assert.failNotEquals(Assert.java:776)
at org.testng.Assert.assertEqualsImpl(Assert.java:137)
at org.testng.Assert.assertEquals(Assert.java:118)
at org.testng.Assert.assertEquals(Assert.java:453)
at org.testng.Assert.assertEquals(Assert.java:463)
at com.lizheng.test.AutoTestFrameTestNG.autoTest(AutoTestFrameTestNG.java:29)
at sun.reflect.GeneratedMethodAccessor30.invoke(Unknown Source)
at sun.reflect.DelegatingMethodAccessorImpl.invoke(DelegatingMethodAccessorImpl.java:43)
at java.lang.reflect.Method.invoke(Method.java:498)
at org.testng.internal.MethodInvocationHelper.invokeMethod(MethodInvocationHelper.java:124)
at org.testng.internal.Invoker.invokeMethod(Invoker.java:583)
at org.testng.internal.Invoker.invokeTestMethod(Invoker.java:719)
at org.testng.internal.Invoker.invokeTestMethods(Invoker.java:989)
at org.testng.internal.TestMethodWorker.invokeTestMethods(TestMethodWorker.java:125)
at org.testng.internal.TestMethodWorker.run(TestMethodWorker.java:109)
at org.testng.TestRunner.privateRun(TestRunner.java:648)
at org.testng.TestRunner.run(TestRunner.java:505)
at org.testng.SuiteRunner.runTest(SuiteRunner.java:455)
at org.testng.SuiteRunner.runSequentially(SuiteRunner.java:450)
at org.testng.SuiteRunner.privateRun(SuiteRunner.java:415)
at org.testng.SuiteRunner.run(SuiteRunner.java:364)
at org.testng.SuiteRunnerWorker.runSuite(SuiteRunnerWorker.java:52)
at org.testng.SuiteRunnerWorker.run(SuiteRunnerWorker.java:84)
at org.testng.TestNG.runSuitesSequentially(TestNG.java:1208)
at org.testng.TestNG.runSuitesLocally(TestNG.java:1137)
at org.testng.TestNG.runSuites(TestNG.java:1049)
at org.testng.TestNG.run(TestNG.java:1017)
at org.apache.maven.surefire.testng.TestNGExecutor.run(TestNGExecutor.java:283)
at org.apache.maven.surefire.testng.TestNGXmlTestSuite.execute(TestNGXmlTestSuite.java:75)
at org.apache.maven.surefire.testng.TestNGProvider.invoke(TestNGProvider.java:120)
at org.apache.maven.surefire.booter.ForkedBooter.invokeProviderInSameClassLoader(ForkedBooter.java:384)
at org.apache.maven.surefire.booter.ForkedBooter.runSuitesInProcess(ForkedBooter.java:345)
at org.apache.maven.surefire.booter.ForkedBooter.execute(ForkedBooter.java:126)
at org.apache.maven.surefire.booter.ForkedBooter.main(ForkedBooter.java:418)
]]>
    </failure>
  </testcase> <!-- autoTest -->
  <testcase name="autoTest" time="0.011" classname="com.lizheng.test.AutoTestFrameTestNG"/>
  <testcase name="autoTest" time="0.095" classname="com.lizheng.test.AutoTestFrameTestNG"/>
  <testcase name="autoTest" time="0.000" classname="com.lizheng.test.AutoTestFrameTestNG"/>
  <testcase name="autoTest" time="0.085" classname="com.lizheng.test.AutoTestFrameTestNG"/>
  <testcase name="autoTest" time="0.082" classname="com.lizheng.test.AutoTestFrameTestNG"/>
  <testcase name="autoTest" time="0.083" classname="com.lizheng.test.AutoTestFrameTestNG"/>
  <testcase name="autoTest" time="0.000" classname="com.lizheng.test.AutoTestFrameTestNG"/>
  <testcase name="autoTest" time="0.000" classname="com.lizheng.test.AutoTestFrameTestNG"/>
  <testcase name="autoTest" time="0.088" classname="com.lizheng.test.AutoTestFrameTestNG"/>
  <testcase name="autoTest" time="0.011" classname="com.lizheng.test.AutoTestFrameTestNG">
    <failure type="java.lang.AssertionError" message="expected [pass] but found [fail]">
      <![CDATA[java.lang.AssertionError: expected [pass] but found [fail]
at org.testng.Assert.fail(Assert.java:96)
at org.testng.Assert.failNotEquals(Assert.java:776)
at org.testng.Assert.assertEqualsImpl(Assert.java:137)
at org.testng.Assert.assertEquals(Assert.java:118)
at org.testng.Assert.assertEquals(Assert.java:453)
at org.testng.Assert.assertEquals(Assert.java:463)
at com.lizheng.test.AutoTestFrameTestNG.autoTest(AutoTestFrameTestNG.java:29)
at sun.reflect.GeneratedMethodAccessor30.invoke(Unknown Source)
at sun.reflect.DelegatingMethodAccessorImpl.invoke(DelegatingMethodAccessorImpl.java:43)
at java.lang.reflect.Method.invoke(Method.java:498)
at org.testng.internal.MethodInvocationHelper.invokeMethod(MethodInvocationHelper.java:124)
at org.testng.internal.Invoker.invokeMethod(Invoker.java:583)
at org.testng.internal.Invoker.invokeTestMethod(Invoker.java:719)
at org.testng.internal.Invoker.invokeTestMethods(Invoker.java:989)
at org.testng.internal.TestMethodWorker.invokeTestMethods(TestMethodWorker.java:125)
at org.testng.internal.TestMethodWorker.run(TestMethodWorker.java:109)
at org.testng.TestRunner.privateRun(TestRunner.java:648)
at org.testng.TestRunner.run(TestRunner.java:505)
at org.testng.SuiteRunner.runTest(SuiteRunner.java:455)
at org.testng.SuiteRunner.runSequentially(SuiteRunner.java:450)
at org.testng.SuiteRunner.privateRun(SuiteRunner.java:415)
at org.testng.SuiteRunner.run(SuiteRunner.java:364)
at org.testng.SuiteRunnerWorker.runSuite(SuiteRunnerWorker.java:52)
at org.testng.SuiteRunnerWorker.run(SuiteRunnerWorker.java:84)
at org.testng.TestNG.runSuitesSequentially(TestNG.java:1208)
at org.testng.TestNG.runSuitesLocally(TestNG.java:1137)
at org.testng.TestNG.runSuites(TestNG.java:1049)
at org.testng.TestNG.run(TestNG.java:1017)
at org.apache.maven.surefire.testng.TestNGExecutor.run(TestNGExecutor.java:283)
at org.apache.maven.surefire.testng.TestNGXmlTestSuite.execute(TestNGXmlTestSuite.java:75)
at org.apache.maven.surefire.testng.TestNGProvider.invoke(TestNGProvider.java:120)
at org.apache.maven.surefire.booter.ForkedBooter.invokeProviderInSameClassLoader(ForkedBooter.java:384)
at org.apache.maven.surefire.booter.ForkedBooter.runSuitesInProcess(ForkedBooter.java:345)
at org.apache.maven.surefire.booter.ForkedBooter.execute(ForkedBooter.java:126)
at org.apache.maven.surefire.booter.ForkedBooter.main(ForkedBooter.java:418)
]]>
    </failure>
  </testcase> <!-- autoTest -->
  <testcase name="autoTest" time="0.000" classname="com.lizheng.test.AutoTestFrameTestNG"/>
  <testcase name="autoTest" time="0.000" classname="com.lizheng.test.AutoTestFrameTestNG"/>
  <testcase name="autoTest" time="0.091" classname="com.lizheng.test.AutoTestFrameTestNG"/>
  <testcase name="autoTest" time="0.000" classname="com.lizheng.test.AutoTestFrameTestNG"/>
  <testcase name="autoTest" time="0.000" classname="com.lizheng.test.AutoTestFrameTestNG"/>
  <testcase name="autoTest" time="0.083" classname="com.lizheng.test.AutoTestFrameTestNG"/>
  <testcase name="autoTest" time="0.005" classname="com.lizheng.test.AutoTestFrameTestNG"/>
  <testcase name="autoTest" time="0.010" classname="com.lizheng.test.AutoTestFrameTestNG"/>
  <testcase name="autoTest" time="0.000" classname="com.lizheng.test.AutoTestFrameTestNG"/>
  <testcase name="autoTest" time="0.075" classname="com.lizheng.test.AutoTestFrameTestNG"/>
  <testcase name="autoTest" time="0.008" classname="com.lizheng.test.AutoTestFrameTestNG"/>
  <testcase name="autoTest" time="0.000" classname="com.lizheng.test.AutoTestFrameTestNG"/>
  <testcase name="autoTest" time="0.000" classname="com.lizheng.test.AutoTestFrameTestNG">
    <failure type="java.lang.AssertionError" message="expected [pass] but found [fail]">
      <![CDATA[java.lang.AssertionError: expected [pass] but found [fail]
at org.testng.Assert.fail(Assert.java:96)
at org.testng.Assert.failNotEquals(Assert.java:776)
at org.testng.Assert.assertEqualsImpl(Assert.java:137)
at org.testng.Assert.assertEquals(Assert.java:118)
at org.testng.Assert.assertEquals(Assert.java:453)
at org.testng.Assert.assertEquals(Assert.java:463)
at com.lizheng.test.AutoTestFrameTestNG.autoTest(AutoTestFrameTestNG.java:29)
at sun.reflect.GeneratedMethodAccessor30.invoke(Unknown Source)
at sun.reflect.DelegatingMethodAccessorImpl.invoke(DelegatingMethodAccessorImpl.java:43)
at java.lang.reflect.Method.invoke(Method.java:498)
at org.testng.internal.MethodInvocationHelper.invokeMethod(MethodInvocationHelper.java:124)
at org.testng.internal.Invoker.invokeMethod(Invoker.java:583)
at org.testng.internal.Invoker.invokeTestMethod(Invoker.java:719)
at org.testng.internal.Invoker.invokeTestMethods(Invoker.java:989)
at org.testng.internal.TestMethodWorker.invokeTestMethods(TestMethodWorker.java:125)
at org.testng.internal.TestMethodWorker.run(TestMethodWorker.java:109)
at org.testng.TestRunner.privateRun(TestRunner.java:648)
at org.testng.TestRunner.run(TestRunner.java:505)
at org.testng.SuiteRunner.runTest(SuiteRunner.java:455)
at org.testng.SuiteRunner.runSequentially(SuiteRunner.java:450)
at org.testng.SuiteRunner.privateRun(SuiteRunner.java:415)
at org.testng.SuiteRunner.run(SuiteRunner.java:364)
at org.testng.SuiteRunnerWorker.runSuite(SuiteRunnerWorker.java:52)
at org.testng.SuiteRunnerWorker.run(SuiteRunnerWorker.java:84)
at org.testng.TestNG.runSuitesSequentially(TestNG.java:1208)
at org.testng.TestNG.runSuitesLocally(TestNG.java:1137)
at org.testng.TestNG.runSuites(TestNG.java:1049)
at org.testng.TestNG.run(TestNG.java:1017)
at org.apache.maven.surefire.testng.TestNGExecutor.run(TestNGExecutor.java:283)
at org.apache.maven.surefire.testng.TestNGXmlTestSuite.execute(TestNGXmlTestSuite.java:75)
at org.apache.maven.surefire.testng.TestNGProvider.invoke(TestNGProvider.java:120)
at org.apache.maven.surefire.booter.ForkedBooter.invokeProviderInSameClassLoader(ForkedBooter.java:384)
at org.apache.maven.surefire.booter.ForkedBooter.runSuitesInProcess(ForkedBooter.java:345)
at org.apache.maven.surefire.booter.ForkedBooter.execute(ForkedBooter.java:126)
at org.apache.maven.surefire.booter.ForkedBooter.main(ForkedBooter.java:418)
]]>
    </failure>
  </testcase> <!-- autoTest -->
  <testcase name="autoTest" time="0.000" classname="com.lizheng.test.AutoTestFrameTestNG"/>
  <testcase name="autoTest" time="0.000" classname="com.lizheng.test.AutoTestFrameTestNG"/>
  <testcase name="autoTest" time="0.083" classname="com.lizheng.test.AutoTestFrameTestNG"/>
  <testcase name="autoTest" time="0.000" classname="com.lizheng.test.AutoTestFrameTestNG"/>
  <testcase name="autoTest" time="0.000" classname="com.lizheng.test.AutoTestFrameTestNG"/>
  <testcase name="autoTest" time="0.000" classname="com.lizheng.test.AutoTestFrameTestNG"/>
  <testcase name="autoTest" time="0.000" classname="com.lizheng.test.AutoTestFrameTestNG"/>
  <testcase name="autoTest" time="0.083" classname="com.lizheng.test.AutoTestFrameTestNG"/>
  <testcase name="autoTest" time="0.072" classname="com.lizheng.test.AutoTestFrameTestNG"/>
  <testcase name="autoTest" time="0.000" classname="com.lizheng.test.AutoTestFrameTestNG"/>
  <testcase name="autoTest" time="0.010" classname="com.lizheng.test.AutoTestFrameTestNG"/>
  <testcase name="autoTest" time="0.011" classname="com.lizheng.test.AutoTestFrameTestNG"/>
  <testcase name="autoTest" time="0.000" classname="com.lizheng.test.AutoTestFrameTestNG"/>
  <testcase name="autoTest" time="0.084" classname="com.lizheng.test.AutoTestFrameTestNG"/>
  <testcase name="autoTest" time="0.000" classname="com.lizheng.test.AutoTestFrameTestNG"/>
  <testcase name="autoTest" time="0.000" classname="com.lizheng.test.AutoTestFrameTestNG"/>
  <testcase name="autoTest" time="0.010" classname="com.lizheng.test.AutoTestFrameTestNG"/>
  <testcase name="autoTest" time="0.000" classname="com.lizheng.test.AutoTestFrameTestNG"/>
  <testcase name="autoTest" time="0.010" classname="com.lizheng.test.AutoTestFrameTestNG"/>
  <testcase name="autoTest" time="0.090" classname="com.lizheng.test.AutoTestFrameTestNG"/>
  <testcase name="autoTest" time="0.000" classname="com.lizheng.test.AutoTestFrameTestNG"/>
  <testcase name="autoTest" time="0.089" classname="com.lizheng.test.AutoTestFrameTestNG"/>
  <testcase name="autoTest" time="0.084" classname="com.lizheng.test.AutoTestFrameTestNG"/>
  <testcase name="autoTest" time="0.082" classname="com.lizheng.test.AutoTestFrameTestNG"/>
  <testcase name="autoTest" time="0.011" classname="com.lizheng.test.AutoTestFrameTestNG"/>
  <testcase name="autoTest" time="0.005" classname="com.lizheng.test.AutoTestFrameTestNG">
    <failure type="java.lang.AssertionError" message="expected [pass] but found [fail]">
      <![CDATA[java.lang.AssertionError: expected [pass] but found [fail]
at org.testng.Assert.fail(Assert.java:96)
at org.testng.Assert.failNotEquals(Assert.java:776)
at org.testng.Assert.assertEqualsImpl(Assert.java:137)
at org.testng.Assert.assertEquals(Assert.java:118)
at org.testng.Assert.assertEquals(Assert.java:453)
at org.testng.Assert.assertEquals(Assert.java:463)
at com.lizheng.test.AutoTestFrameTestNG.autoTest(AutoTestFrameTestNG.java:29)
at sun.reflect.GeneratedMethodAccessor30.invoke(Unknown Source)
at sun.reflect.DelegatingMethodAccessorImpl.invoke(DelegatingMethodAccessorImpl.java:43)
at java.lang.reflect.Method.invoke(Method.java:498)
at org.testng.internal.MethodInvocationHelper.invokeMethod(MethodInvocationHelper.java:124)
at org.testng.internal.Invoker.invokeMethod(Invoker.java:583)
at org.testng.internal.Invoker.invokeTestMethod(Invoker.java:719)
at org.testng.internal.Invoker.invokeTestMethods(Invoker.java:989)
at org.testng.internal.TestMethodWorker.invokeTestMethods(TestMethodWorker.java:125)
at org.testng.internal.TestMethodWorker.run(TestMethodWorker.java:109)
at org.testng.TestRunner.privateRun(TestRunner.java:648)
at org.testng.TestRunner.run(TestRunner.java:505)
at org.testng.SuiteRunner.runTest(SuiteRunner.java:455)
at org.testng.SuiteRunner.runSequentially(SuiteRunner.java:450)
at org.testng.SuiteRunner.privateRun(SuiteRunner.java:415)
at org.testng.SuiteRunner.run(SuiteRunner.java:364)
at org.testng.SuiteRunnerWorker.runSuite(SuiteRunnerWorker.java:52)
at org.testng.SuiteRunnerWorker.run(SuiteRunnerWorker.java:84)
at org.testng.TestNG.runSuitesSequentially(TestNG.java:1208)
at org.testng.TestNG.runSuitesLocally(TestNG.java:1137)
at org.testng.TestNG.runSuites(TestNG.java:1049)
at org.testng.TestNG.run(TestNG.java:1017)
at org.apache.maven.surefire.testng.TestNGExecutor.run(TestNGExecutor.java:283)
at org.apache.maven.surefire.testng.TestNGXmlTestSuite.execute(TestNGXmlTestSuite.java:75)
at org.apache.maven.surefire.testng.TestNGProvider.invoke(TestNGProvider.java:120)
at org.apache.maven.surefire.booter.ForkedBooter.invokeProviderInSameClassLoader(ForkedBooter.java:384)
at org.apache.maven.surefire.booter.ForkedBooter.runSuitesInProcess(ForkedBooter.java:345)
at org.apache.maven.surefire.booter.ForkedBooter.execute(ForkedBooter.java:126)
at org.apache.maven.surefire.booter.ForkedBooter.main(ForkedBooter.java:418)
]]>
    </failure>
  </testcase> <!-- autoTest -->
  <testcase name="autoTest" time="0.094" classname="com.lizheng.test.AutoTestFrameTestNG"/>
  <testcase name="autoTest" time="0.011" classname="com.lizheng.test.AutoTestFrameTestNG"/>
  <testcase name="autoTest" time="0.003" classname="com.lizheng.test.AutoTestFrameTestNG"/>
  <testcase name="autoTest" time="0.000" classname="com.lizheng.test.AutoTestFrameTestNG"/>
  <testcase name="autoTest" time="0.105" classname="com.lizheng.test.AutoTestFrameTestNG"/>
  <testcase name="autoTest" time="0.009" classname="com.lizheng.test.AutoTestFrameTestNG"/>
  <testcase name="autoTest" time="0.099" classname="com.lizheng.test.AutoTestFrameTestNG"/>
  <testcase name="autoTest" time="0.104" classname="com.lizheng.test.AutoTestFrameTestNG"/>
  <testcase name="autoTest" time="0.007" classname="com.lizheng.test.AutoTestFrameTestNG"/>
  <testcase name="autoTest" time="0.090" classname="com.lizheng.test.AutoTestFrameTestNG"/>
  <testcase name="autoTest" time="0.010" classname="com.lizheng.test.AutoTestFrameTestNG"/>
  <testcase name="autoTest" time="0.010" classname="com.lizheng.test.AutoTestFrameTestNG"/>
  <testcase name="autoTest" time="0.000" classname="com.lizheng.test.AutoTestFrameTestNG"/>
  <testcase name="autoTest" time="0.085" classname="com.lizheng.test.AutoTestFrameTestNG"/>
  <testcase name="autoTest" time="0.000" classname="com.lizheng.test.AutoTestFrameTestNG"/>
  <testcase name="autoTest" time="0.093" classname="com.lizheng.test.AutoTestFrameTestNG"/>
  <testcase name="autoTest" time="0.000" classname="com.lizheng.test.AutoTestFrameTestNG"/>
  <testcase name="autoTest" time="0.084" classname="com.lizheng.test.AutoTestFrameTestNG"/>
  <testcase name="autoTest" time="0.000" classname="com.lizheng.test.AutoTestFrameTestNG"/>
  <testcase name="autoTest" time="0.083" classname="com.lizheng.test.AutoTestFrameTestNG"/>
  <testcase name="autoTest" time="0.089" classname="com.lizheng.test.AutoTestFrameTestNG"/>
  <testcase name="autoTest" time="0.094" classname="com.lizheng.test.AutoTestFrameTestNG"/>
  <testcase name="autoTest" time="0.091" classname="com.lizheng.test.AutoTestFrameTestNG"/>
  <testcase name="autoTest" time="0.076" classname="com.lizheng.test.AutoTestFrameTestNG"/>
  <testcase name="autoTest" time="0.000" classname="com.lizheng.test.AutoTestFrameTestNG"/>
  <testcase name="autoTest" time="0.000" classname="com.lizheng.test.AutoTestFrameTestNG"/>
  <testcase name="autoTest" time="0.000" classname="com.lizheng.test.AutoTestFrameTestNG"/>
  <testcase name="autoTest" time="0.003" classname="com.lizheng.test.AutoTestFrameTestNG"/>
  <testcase name="autoTest" time="0.069" classname="com.lizheng.test.AutoTestFrameTestNG"/>
  <testcase name="autoTest" time="0.000" classname="com.lizheng.test.AutoTestFrameTestNG"/>
  <testcase name="autoTest" time="0.102" classname="com.lizheng.test.AutoTestFrameTestNG"/>
  <testcase name="autoTest" time="0.081" classname="com.lizheng.test.AutoTestFrameTestNG"/>
  <testcase name="autoTest" time="0.084" classname="com.lizheng.test.AutoTestFrameTestNG"/>
  <testcase name="autoTest" time="0.103" classname="com.lizheng.test.AutoTestFrameTestNG"/>
</testsuite> <!-- com.lizheng.test.AutoTestFrameTestNG -->
